\BOOKMARK [0][-]{chapter*.2}{Ter\347a, 31 de Outubro de 2017}{}% 1
\BOOKMARK [1][-]{experiment.1.1}{An\341lise de Dados}{chapter*.2}% 2
\BOOKMARK [1][-]{experiment.1.2}{An\341lise de Dados}{chapter*.2}% 3
\BOOKMARK [0][-]{chapter*.3}{Quarta, 1 de novembro de 2017}{}% 4
\BOOKMARK [1][-]{experiment.2.1}{An\341lise de Dados}{chapter*.3}% 5
\BOOKMARK [0][-]{chapter*.4}{Ter\347a, 7 de novembro de 2017}{}% 6
\BOOKMARK [1][-]{experiment.3.1}{An\341lise de Dados}{chapter*.4}% 7
\BOOKMARK [0][-]{chapter*.5}{Quarta, 8 de novembro de 2017}{}% 8
\BOOKMARK [1][-]{experiment.4.1}{Escrita do TCC}{chapter*.5}% 9
\BOOKMARK [1][-]{experiment.4.2}{An\341lise de Dados}{chapter*.5}% 10
\BOOKMARK [0][-]{chapter*.7}{Quinta, 9 de novembro de 2017}{}% 11
\BOOKMARK [1][-]{experiment.5.1}{An\341lise de Dados}{chapter*.7}% 12
\BOOKMARK [0][-]{chapter*.8}{Sexta, 10 de novembro de 2017}{}% 13
\BOOKMARK [1][-]{experiment.6.1}{An\341lise de Dados}{chapter*.8}% 14
\BOOKMARK [0][-]{chapter*.9}{Ter\347a, 14 de novembro de 2017}{}% 15
\BOOKMARK [1][-]{experiment.7.1}{Escrita do TCC}{chapter*.9}% 16
\BOOKMARK [0][-]{chapter*.10}{Quinta, 23 de novembro de 2017}{}% 17
\BOOKMARK [1][-]{experiment.8.1}{Leitura de artigo}{chapter*.10}% 18
\BOOKMARK [0][-]{chapter*.11}{Ter\347a, 28 de novembro de 2017}{}% 19
\BOOKMARK [1][-]{experiment.9.1}{Leitura de artigo}{chapter*.11}% 20
\BOOKMARK [1][-]{experiment.9.2}{An\341lise de Dados}{chapter*.11}% 21
\BOOKMARK [0][-]{chapter*.12}{Segunda, 4 de dezembro de 2017}{}% 22
\BOOKMARK [1][-]{experiment.10.1}{An\341lise de Dados}{chapter*.12}% 23
